<?xml version="1.0" encoding="UTF-8"?>
<testng-results skipped="0" failed="0" total="1" passed="1">
  <reporter-output>
  </reporter-output>
  <suite name="Default suite" duration-ms="11240" started-at="2019-06-02T06:38:01Z" finished-at="2019-06-02T06:38:12Z">
    <groups>
    </groups>
    <test name="Default test" duration-ms="11240" started-at="2019-06-02T06:38:01Z" finished-at="2019-06-02T06:38:12Z">
      <class name="GitHubTest.GitHubTest">
        <test-method status="PASS" signature="loginTest()[pri:0, instance:GitHubTest.GitHubTest@47f37ef1]" name="loginTest" duration-ms="11218" started-at="2019-06-02T12:08:01Z" finished-at="2019-06-02T12:08:12Z">
          <reporter-output>
          </reporter-output>
        </test-method> <!-- loginTest -->
      </class> <!-- GitHubTest.GitHubTest -->
    </test> <!-- Default test -->
  </suite> <!-- Default suite -->
</testng-results>
